<?xml version="1.0" encoding="UTF-8"?>
<!-- Generated by org.testng.reporters.JUnitReportReporter -->
<testsuite skipped="0" hostname="sachinsehgal" name="MenuItems_Test" tests="1" failures="0" timestamp="2019-10-15T13:55:11 EDT" time="16.191" errors="0">
  <testcase name="Menu_Items" time="16.191" classname="MenuItems_Test"/>
</testsuite> <!-- MenuItems_Test -->
